<?xml version="1.0" encoding="UTF-8"?>
<!-- Generated by org.testng.reporters.JUnitXMLReporter -->
<testsuite ignored="1" hostname="LAPTOP-JNF6PB7H" failures="0" tests="2" name="Shubham" time="0.04" errors="0" timestamp="2022-01-14T23:47:55 IST">
  <testcase classname="testng.TestNG2" name="samp3" time="0.005"/>
  <testcase classname="testng.TestNG2" name="samp2" time="0.001"/>
  <testcase classname="testng.TestNG2" name="samp" time="0.0">
    <ignored/>
  </testcase> <!-- samp -->
</testsuite> <!-- Shubham -->
