<?xml version="1.0" encoding="UTF-8"?>
<testng-results total="3" passed="3" failed="0" skipped="0">
  <reporter-output>
  </reporter-output>
  <suite started-at="2022-03-12T11:27:27Z" name="Surefire suite" finished-at="2022-03-12T11:27:27Z" duration-ms="50">
    <groups>
    </groups>
    <test started-at="2022-03-12T11:27:27Z" name="Surefire test" finished-at="2022-03-12T11:27:27Z" duration-ms="50">
      <class name="qabyshubham.Appium">
        <test-method signature="Appiummethod1()[pri:0, instance:Appiummethod1(qabyshubham.Appium)]" started-at="2022-03-12T16:57:27Z" name="Appiummethod1" finished-at="2022-03-12T16:57:27Z" duration-ms="2" status="PASS">
          <reporter-output>
          </reporter-output>
        </test-method> <!-- Appiummethod1 -->
        <test-method signature="Appiummethod3()[pri:0, instance:Appiummethod3(qabyshubham.Appium)]" started-at="2022-03-12T16:57:27Z" name="Appiummethod3" finished-at="2022-03-12T16:57:27Z" duration-ms="0" status="PASS">
          <reporter-output>
          </reporter-output>
        </test-method> <!-- Appiummethod3 -->
        <test-method signature="Appiummethod2()[pri:0, instance:Appiummethod2(qabyshubham.Appium)]" started-at="2022-03-12T16:57:27Z" name="Appiummethod2" finished-at="2022-03-12T16:57:27Z" duration-ms="0" status="PASS">
          <reporter-output>
          </reporter-output>
        </test-method> <!-- Appiummethod2 -->
      </class> <!-- qabyshubham.Appium -->
    </test> <!-- Surefire test -->
  </suite> <!-- Surefire suite -->
</testng-results>
