<?xml version="1.0" encoding="UTF-8"?>
<testsuite xmlns:xsi="http://www.w3.org/2001/XMLSchema-instance" xsi:noNamespaceSchemaLocation="https://maven.apache.org/surefire/maven-surefire-plugin/xsd/surefire-test-report-3.0.xsd" version="3.0" name="qabyshubham.Appium" time="0.306" tests="3" errors="0" skipped="0" failures="0">
  <properties>
[...]
</properties>
  <testcase name="Appiummethod1 on Appiummethod1(qabyshubham.Appium)" classname="qabyshubham.Appium" time="0.004">
    <system-out><![CDATA[Appium method1 is running..
]]></system-out>
  </testcase>
  <testcase name="Appiummethod2 on Appiummethod2(qabyshubham.Appium)" classname="qabyshubham.Appium" time="0.001">
    <system-out><![CDATA[Appium method3 is running..
]]></system-out>
  </testcase>
  <testcase name="Appiummethod3 on Appiummethod3(qabyshubham.Appium)" classname="qabyshubham.Appium" time="0.001">
    <system-out><![CDATA[Appium method3 is running..
]]></system-out>
  </testcase>
</testsuite>