<?xml version="1.0" encoding="UTF-8"?>
<!-- Generated by org.testng.reporters.JUnitXMLReporter -->
<testsuite ignored="1" hostname="LAPTOP-JNF6PB7H" failures="0" tests="2" name="Sample" time="0.006" errors="0" timestamp="2022-05-06T23:38:50 IST">
  <testcase classname="testng1.SampleTest5" name="test1" time="0.001"/>
  <testcase classname="testng1.SampleTest5" name="test3" time="0.001"/>
  <testcase classname="testng1.SampleTest5" name="test2" time="0.0">
    <ignored/>
  </testcase> <!-- test2 -->
</testsuite> <!-- Sample -->
