<?xml version="1.0" encoding="UTF-8"?>
<testng-results ignored="0" total="1" passed="1" failed="0" skipped="0">
  <reporter-output>
  </reporter-output>
  <suite started-at="2022-05-11T23:35:57 IST" name="Default suite" finished-at="2022-05-11T23:36:03 IST" duration-ms="5679">
    <groups>
    </groups>
    <test started-at="2022-05-11T23:35:57 IST" name="Default test" finished-at="2022-05-11T23:36:03 IST" duration-ms="5679">
      <class name="testng1.AutoIt2">
        <test-method signature="fielupload()[pri:0, instance:testng1.AutoIt2@22a637e7]" started-at="2022-05-11T23:35:57 IST" name="fielupload" finished-at="2022-05-11T23:36:03 IST" duration-ms="5636" status="PASS">
          <reporter-output>
          </reporter-output>
        </test-method> <!-- fielupload -->
      </class> <!-- testng1.AutoIt2 -->
    </test> <!-- Default test -->
  </suite> <!-- Default suite -->
</testng-results>
