<?xml version="1.0" encoding="UTF-8"?>
<!-- Generated by org.testng.reporters.JUnitXMLReporter -->
<testsuite hostname="LAPTOP-JNF6PB7H" failures="0" tests="3" name="Surefire test" time="0.05" errors="0" timestamp="12 Mar 2022 11:27:27 GMT">
  <testcase classname="qabyshubham.Appium" name="Appiummethod1 on Appiummethod1(qabyshubham.Appium)" time="0.002"/>
  <testcase classname="qabyshubham.Appium" name="Appiummethod2 on Appiummethod2(qabyshubham.Appium)" time="0.0"/>
  <testcase classname="qabyshubham.Appium" name="Appiummethod3 on Appiummethod3(qabyshubham.Appium)" time="0.0"/>
</testsuite> <!-- Surefire test -->
