<?xml version="1.0" encoding="UTF-8"?>
<testng-results ignored="0" total="1" passed="1" failed="0" skipped="0">
  <reporter-output>
  </reporter-output>
  <suite started-at="2022-03-20T22:42:04 IST" name="Default suite" finished-at="2022-03-20T22:42:12 IST" duration-ms="7959">
    <groups>
    </groups>
    <test started-at="2022-03-20T22:42:04 IST" name="Default test" finished-at="2022-03-20T22:42:12 IST" duration-ms="7959">
      <class name="qabyshubham.extentReport">
        <test-method is-config="true" signature="report()[pri:0, instance:qabyshubham.extentReport@5f058f00]" started-at="2022-03-20T22:42:04 IST" name="report" finished-at="2022-03-20T22:42:05 IST" duration-ms="202" status="PASS">
          <reporter-output>
          </reporter-output>
        </test-method> <!-- report -->
        <test-method signature="test1()[pri:0, instance:qabyshubham.extentReport@5f058f00]" started-at="2022-03-20T22:42:05 IST" name="test1" finished-at="2022-03-20T22:42:12 IST" duration-ms="7732" status="PASS">
          <reporter-output>
          </reporter-output>
        </test-method> <!-- test1 -->
      </class> <!-- qabyshubham.extentReport -->
    </test> <!-- Default test -->
  </suite> <!-- Default suite -->
</testng-results>
