<?xml version="1.0" encoding="UTF-8"?>
<testng-results ignored="0" total="1" passed="1" failed="0" skipped="0">
  <reporter-output>
  </reporter-output>
  <suite started-at="2022-03-16T22:14:14 IST" name="Suite" finished-at="2022-03-16T22:14:33 IST" duration-ms="19124">
    <groups>
    </groups>
    <test started-at="2022-03-16T22:14:14 IST" name="Test" finished-at="2022-03-16T22:14:33 IST" duration-ms="19124">
      <class name="basetest.Test1">
        <test-method signature="basescript()[pri:0, instance:basetest.Test1@3d74bf60]" started-at="2022-03-16T22:14:14 IST" name="basescript" finished-at="2022-03-16T22:14:32 IST" duration-ms="18145" status="PASS">
          <reporter-output>
          </reporter-output>
        </test-method> <!-- basescript -->
        <test-method is-config="true" signature="closebrowser()[pri:0, instance:basetest.Test1@3d74bf60]" started-at="2022-03-16T22:14:32 IST" name="closebrowser" finished-at="2022-03-16T22:14:33 IST" duration-ms="947" status="PASS">
          <reporter-output>
          </reporter-output>
        </test-method> <!-- closebrowser -->
      </class> <!-- basetest.Test1 -->
    </test> <!-- Test -->
  </suite> <!-- Suite -->
</testng-results>
